0 info it worked if it ends with ok
1 verbose cli [ '/usr/local/bin/node',
1 verbose cli   '/usr/local/bin/npm',
1 verbose cli   'run',
1 verbose cli   'build-dist' ]
2 info using npm@3.10.6
3 info using node@v6.2.2
4 verbose run-script [ 'prebuild-dist', 'build-dist', 'postbuild-dist' ]
5 info lifecycle public-transport@0.0.1~prebuild-dist: public-transport@0.0.1
6 silly lifecycle public-transport@0.0.1~prebuild-dist: no script for prebuild-dist, continuing
7 info lifecycle public-transport@0.0.1~build-dist: public-transport@0.0.1
8 verbose lifecycle public-transport@0.0.1~build-dist: unsafe-perm in lifecycle true
9 verbose lifecycle public-transport@0.0.1~build-dist: PATH: /usr/local/lib/node_modules/npm/bin/node-gyp-bin:/Users/rsingh/Projects/Caltrain/node_modules/.bin:/usr/local/bin:/usr/bin:/bin:/usr/sbin:/sbin:/usr/local/go/bin
10 verbose lifecycle public-transport@0.0.1~build-dist: CWD: /Users/rsingh/Projects/Caltrain
11 silly lifecycle public-transport@0.0.1~build-dist: Args: [ '-c', 'gulp client.build:dist' ]
12 silly lifecycle public-transport@0.0.1~build-dist: Returned: code: 1  signal: null
13 info lifecycle public-transport@0.0.1~build-dist: Failed to exec build-dist script
14 verbose stack Error: public-transport@0.0.1 build-dist: `gulp client.build:dist`
14 verbose stack Exit status 1
14 verbose stack     at EventEmitter.<anonymous> (/usr/local/lib/node_modules/npm/lib/utils/lifecycle.js:255:16)
14 verbose stack     at emitTwo (events.js:106:13)
14 verbose stack     at EventEmitter.emit (events.js:191:7)
14 verbose stack     at ChildProcess.<anonymous> (/usr/local/lib/node_modules/npm/lib/utils/spawn.js:40:14)
14 verbose stack     at emitTwo (events.js:106:13)
14 verbose stack     at ChildProcess.emit (events.js:191:7)
14 verbose stack     at maybeClose (internal/child_process.js:852:16)
14 verbose stack     at Process.ChildProcess._handle.onexit (internal/child_process.js:215:5)
15 verbose pkgid public-transport@0.0.1
16 verbose cwd /Users/rsingh/Projects/Caltrain
17 error Darwin 15.6.0
18 error argv "/usr/local/bin/node" "/usr/local/bin/npm" "run" "build-dist"
19 error node v6.2.2
20 error npm  v3.10.6
21 error code ELIFECYCLE
22 error public-transport@0.0.1 build-dist: `gulp client.build:dist`
22 error Exit status 1
23 error Failed at the public-transport@0.0.1 build-dist script 'gulp client.build:dist'.
23 error Make sure you have the latest version of node.js and npm installed.
23 error If you do, this is most likely a problem with the public-transport package,
23 error not with npm itself.
23 error Tell the author that this fails on your system:
23 error     gulp client.build:dist
23 error You can get information on how to open an issue for this project with:
23 error     npm bugs public-transport
23 error Or if that isn't available, you can get their info via:
23 error     npm owner ls public-transport
23 error There is likely additional logging output above.
24 verbose exit [ 1, true ]
